2021-01-03 10:47:32 [31mWARN [0;39m [36mplay.api.http.HttpConfiguration[0;39m [35m[0;39m 
Your secret key is very short, and may be vulnerable to dictionary attacks.  Your application may not be secure.
The application secret should ideally be 32 bytes of completely random input, encoded in base64. While the application
will be able to start in production mode, you will also see a warning when it is starting.
To set the application secret, please read http://playframework.com/documentation/latest/ApplicationSecret
          
2021-01-03 10:47:32 [34mINFO [0;39m [36mplay.api.http.EnabledFilters[0;39m [35m[0;39m Enabled Filters (see <https://www.playframework.com/documentation/latest/Filters>):

    play.filters.csrf.CSRFFilter
    play.filters.headers.SecurityHeadersFilter
    play.filters.hosts.AllowedHostsFilter
    play.filters.gzip.GzipFilter

2021-01-03 10:47:32 [34mINFO [0;39m [36mplay.api.Play[0;39m [35m[0;39m Application started (Dev) (no global state)
2021-01-03 10:52:41 [31mWARN [0;39m [36mplay.api.http.HttpConfiguration[0;39m [35m[0;39m 
Your secret key is very short, and may be vulnerable to dictionary attacks.  Your application may not be secure.
The application secret should ideally be 32 bytes of completely random input, encoded in base64. While the application
will be able to start in production mode, you will also see a warning when it is starting.
To set the application secret, please read http://playframework.com/documentation/latest/ApplicationSecret
          
2021-01-03 10:52:41 [34mINFO [0;39m [36mplay.api.http.EnabledFilters[0;39m [35m[0;39m Enabled Filters (see <https://www.playframework.com/documentation/latest/Filters>):

    play.filters.csrf.CSRFFilter
    play.filters.headers.SecurityHeadersFilter
    play.filters.hosts.AllowedHostsFilter
    play.filters.gzip.GzipFilter

2021-01-03 10:52:41 [34mINFO [0;39m [36mplay.api.Play[0;39m [35m[0;39m Application started (Dev) (no global state)
2021-01-03 11:00:16 [31mWARN [0;39m [36mplay.api.http.HttpConfiguration[0;39m [35m[0;39m 
Your secret key is very short, and may be vulnerable to dictionary attacks.  Your application may not be secure.
The application secret should ideally be 32 bytes of completely random input, encoded in base64. While the application
will be able to start in production mode, you will also see a warning when it is starting.
To set the application secret, please read http://playframework.com/documentation/latest/ApplicationSecret
          
2021-01-03 11:00:16 [34mINFO [0;39m [36mplay.api.http.EnabledFilters[0;39m [35m[0;39m Enabled Filters (see <https://www.playframework.com/documentation/latest/Filters>):

    play.filters.csrf.CSRFFilter
    play.filters.headers.SecurityHeadersFilter
    play.filters.hosts.AllowedHostsFilter
    play.filters.gzip.GzipFilter

2021-01-03 11:00:16 [34mINFO [0;39m [36mplay.api.Play[0;39m [35m[0;39m Application started (Dev) (no global state)
2021-01-03 11:22:49 [31mWARN [0;39m [36mplay.api.http.HttpConfiguration[0;39m [35m[0;39m 
Your secret key is very short, and may be vulnerable to dictionary attacks.  Your application may not be secure.
The application secret should ideally be 32 bytes of completely random input, encoded in base64. While the application
will be able to start in production mode, you will also see a warning when it is starting.
To set the application secret, please read http://playframework.com/documentation/latest/ApplicationSecret
          
2021-01-03 11:22:49 [34mINFO [0;39m [36mplay.api.http.EnabledFilters[0;39m [35m[0;39m Enabled Filters (see <https://www.playframework.com/documentation/latest/Filters>):

    play.filters.csrf.CSRFFilter
    play.filters.headers.SecurityHeadersFilter
    play.filters.hosts.AllowedHostsFilter
    play.filters.gzip.GzipFilter

2021-01-03 11:22:49 [34mINFO [0;39m [36mplay.api.Play[0;39m [35m[0;39m Application started (Dev) (no global state)
2021-01-03 11:33:43 [31mWARN [0;39m [36mplay.api.http.HttpConfiguration[0;39m [35m[0;39m 
Your secret key is very short, and may be vulnerable to dictionary attacks.  Your application may not be secure.
The application secret should ideally be 32 bytes of completely random input, encoded in base64. While the application
will be able to start in production mode, you will also see a warning when it is starting.
To set the application secret, please read http://playframework.com/documentation/latest/ApplicationSecret
          
2021-01-03 11:33:43 [34mINFO [0;39m [36mplay.api.http.EnabledFilters[0;39m [35m[0;39m Enabled Filters (see <https://www.playframework.com/documentation/latest/Filters>):

    play.filters.csrf.CSRFFilter
    play.filters.headers.SecurityHeadersFilter
    play.filters.hosts.AllowedHostsFilter
    play.filters.gzip.GzipFilter

2021-01-03 11:33:43 [34mINFO [0;39m [36mplay.api.Play[0;39m [35m[0;39m Application started (Dev) (no global state)
2021-01-03 12:06:31 [34mINFO [0;39m [36mplay.core.server.AkkaHttpServer[0;39m [35m[0;39m Stopping Akka HTTP server...
2021-01-03 12:06:31 [34mINFO [0;39m [36mplay.core.server.AkkaHttpServer[0;39m [35m[0;39m Terminating server binding for /[0:0:0:0:0:0:0:0]:9000
2021-01-03 12:06:31 [34mINFO [0;39m [36mplay.core.server.AkkaHttpServer[0;39m [35m[0;39m Running provided shutdown stop hooks
